<?xml version="1.0" encoding="UTF-8"?>
<!-- Generated by org.testng.reporters.JUnitXMLReporter -->
<testsuite ignored="0" hostname="DESKTOP-IUTRN3K" failures="0" tests="3" name="Default test" time="1036.544" errors="0" timestamp="2024-03-20T17:07:58 IST">
  <testcase classname="testCases.AccoundIDSB" name="accIdCatalog" time="89.631"/>
  <testcase classname="testCases.AccoundIDSB" name="ticketSubmit" time="88.154"/>
  <testcase classname="testCases.AccoundIDSB" name="approved" time="197.467"/>
</testsuite> <!-- Default test -->
