<?xml version="1.0" encoding="UTF-8"?>
<testng-results ignored="0" total="3" passed="3" failed="0" skipped="0">
  <reporter-output>
  </reporter-output>
  <suite started-at="2024-03-20T16:50:41 IST" name="Default suite" finished-at="2024-03-20T17:07:58 IST" duration-ms="1036544">
    <groups>
    </groups>
    <test started-at="2024-03-20T16:50:41 IST" name="Default test" finished-at="2024-03-20T17:07:58 IST" duration-ms="1036544">
      <class name="testCases.AccoundIDSB">
        <test-method is-config="true" signature="inizializeDriver()[pri:0, instance:testCases.AccoundIDSB@609e8838]" started-at="2024-03-20T16:50:41 IST" name="inizializeDriver" finished-at="2024-03-20T16:50:52 IST" duration-ms="10771" status="PASS">
          <reporter-output>
          </reporter-output>
        </test-method> <!-- inizializeDriver -->
        <test-method signature="accIdCatalog()[pri:0, instance:testCases.AccoundIDSB@609e8838]" started-at="2024-03-20T16:50:52 IST" name="accIdCatalog" finished-at="2024-03-20T16:52:22 IST" duration-ms="89631" status="PASS">
          <reporter-output>
          </reporter-output>
        </test-method> <!-- accIdCatalog -->
        <test-method signature="ticketSubmit()[pri:0, instance:testCases.AccoundIDSB@609e8838]" started-at="2024-03-20T16:52:22 IST" name="ticketSubmit" finished-at="2024-03-20T16:53:50 IST" duration-ms="88154" status="PASS">
          <reporter-output>
          </reporter-output>
        </test-method> <!-- ticketSubmit -->
        <test-method signature="approved()[pri:0, instance:testCases.AccoundIDSB@609e8838]" started-at="2024-03-20T16:53:50 IST" name="approved" finished-at="2024-03-20T16:57:07 IST" depends-on-methods="testCases.AccoundIDSB.ticketSubmit" duration-ms="197467" status="PASS">
          <reporter-output>
          </reporter-output>
        </test-method> <!-- approved -->
        <test-method is-config="true" signature="subtaskclosure()[pri:0, instance:testCases.AccoundIDSB@609e8838]" started-at="2024-03-20T16:57:07 IST" name="subtaskclosure" finished-at="2024-03-20T17:07:58 IST" duration-ms="650388" status="PASS">
          <reporter-output>
          </reporter-output>
        </test-method> <!-- subtaskclosure -->
      </class> <!-- testCases.AccoundIDSB -->
    </test> <!-- Default test -->
  </suite> <!-- Default suite -->
</testng-results>
